This is pdfTeX, Version 3.14159265-2.6-1.40.19 (MiKTeX 2.9.6930) (preloaded format=pdflatex 2019.1.8)  29 JAN 2019 06:13
entering extended mode
**./PAPER.tex
(PAPER.tex
LaTeX2e <2018-12-01>
("D:\matlab 学习资料\latex\texmfs\install\tex/latex/base\article.cls"
Document Class: article 2018/09/03 v1.4i Standard LaTeX document class
("D:\matlab 学习资料\latex\texmfs\install\tex/latex/base\size12.clo"
File: size12.clo 2018/09/03 v1.4i Standard LaTeX file (size option)
)
\c@part=\count80
\c@section=\count81
\c@subsection=\count82
\c@subsubsection=\count83
\c@paragraph=\count84
\c@subparagraph=\count85
\c@figure=\count86
\c@table=\count87
\abovecaptionskip=\skip41
\belowcaptionskip=\skip42
\bibindent=\dimen102
)
(easymcm.sty
Package: easymcm 2018/10/02 EasyMCM v5.01

EasyMCM Package, version v5.01
("D:\matlab 学习资料\latex\texmfs\install\tex/latex/geometry\geometry.sty"
Package: geometry 2018/04/16 v5.8 Page Geometry

("D:\matlab 学习资料\latex\texmfs\install\tex/latex/graphics\keyval.sty"
Package: keyval 2014/10/28 v1.15 key=value parser (DPC)
\KV@toks@=\toks14
)
("D:\matlab 学习资料\latex\texmfs\install\tex/generic/oberdiek\ifpdf.sty"
Package: ifpdf 2018/09/07 v3.3 Provides the ifpdf switch
)
("D:\matlab 学习资料\latex\texmfs\install\tex/generic/oberdiek\ifvtex.sty"
Package: ifvtex 2016/05/16 v1.6 Detect VTeX and its facilities (HO)
Package ifvtex Info: VTeX not detected.
) ("D:\matlab 学习资料\latex\texmfs\install\tex/generic/ifxetex\ifxetex.sty
"
Package: ifxetex 2010/09/12 v0.6 Provides ifxetex conditional
)
\Gm@cnth=\count88
\Gm@cntv=\count89
\c@Gm@tempcnt=\count90
\Gm@bindingoffset=\dimen103
\Gm@wd@mp=\dimen104
\Gm@odd@mp=\dimen105
\Gm@even@mp=\dimen106
\Gm@layoutwidth=\dimen107
\Gm@layoutheight=\dimen108
\Gm@layouthoffset=\dimen109
\Gm@layoutvoffset=\dimen110
\Gm@dimlist=\toks15
 ("D:\matlab 学习资料\latex\texmfs\install\tex/latex/geometry\geometry.cfg"
)) ("D:\matlab 学习资料\latex\texmfs\install\tex/latex/xcolor\xcolor.sty"
Package: xcolor 2016/05/11 v2.12 LaTeX color extensions (UK)

("D:\matlab 学习资料\latex\texmfs\install\tex/latex/graphics-cfg\color.cfg"
File: color.cfg 2016/01/02 v1.6 sample color configuration
)
Package xcolor Info: Driver file: pdftex.def on input line 225.

("D:\matlab 学习资料\latex\texmfs\install\tex/latex/graphics-def\pdftex.def
"
File: pdftex.def 2018/01/08 v1.0l Graphics/color driver for pdftex
)
Package xcolor Info: Model `cmy' substituted by `cmy0' on input line 1348.
Package xcolor Info: Model `hsb' substituted by `rgb' on input line 1352.
Package xcolor Info: Model `RGB' extended on input line 1364.
Package xcolor Info: Model `HTML' substituted by `rgb' on input line 1366.
Package xcolor Info: Model `Hsb' substituted by `hsb' on input line 1367.
Package xcolor Info: Model `tHsb' substituted by `hsb' on input line 1368.
Package xcolor Info: Model `HSB' substituted by `hsb' on input line 1369.
Package xcolor Info: Model `Gray' substituted by `gray' on input line 1370.
Package xcolor Info: Model `wave' substituted by `hsb' on input line 1371.
)
("D:\matlab 学习资料\latex\texmfs\install\tex/latex/fancyhdr\fancyhdr.sty"
Package: fancyhdr 2017/06/30 v3.9a Extensive control of page headers and footer
s
\f@nch@headwidth=\skip43
\f@nch@O@elh=\skip44
\f@nch@O@erh=\skip45
\f@nch@O@olh=\skip46
\f@nch@O@orh=\skip47
\f@nch@O@elf=\skip48
\f@nch@O@erf=\skip49
\f@nch@O@olf=\skip50
\f@nch@O@orf=\skip51
) ("D:\matlab 学习资料\latex\texmfs\install\tex/latex/fancybox\fancybox.sty
"
Package: fancybox 2010/05/15 1.4
Style option: `fancybox' v1.4 <2010/05/15> (tvz)
\@fancybox=\box27
\shadowsize=\dimen111
\@Sbox=\box28
\do@VerbBox=\toks16
\the@fancyput=\toks17
\this@fancyput=\toks18
\EndVerbatimTokens=\toks19
\Verbatim@Outfile=\write3
\Verbatim@Infile=\read1
) ("D:\matlab 学习资料\latex\texmfs\install\tex/latex/graphics\graphicx.sty
"
Package: graphicx 2017/06/01 v1.1a Enhanced LaTeX Graphics (DPC,SPQR)
 ("D:\matlab 学习资料\latex\texmfs\install\tex/latex/graphics\graphics.sty"
Package: graphics 2017/06/25 v1.2c Standard LaTeX Graphics (DPC,SPQR)
 ("D:\matlab 学习资料\latex\texmfs\install\tex/latex/graphics\trig.sty"
Package: trig 2016/01/03 v1.10 sin cos tan (DPC)
)
("D:\matlab 学习资料\latex\texmfs\install\tex/latex/graphics-cfg\graphics.c
fg"
File: graphics.cfg 2016/06/04 v1.11 sample graphics configuration
)
Package graphics Info: Driver file: pdftex.def on input line 99.
)
\Gin@req@height=\dimen112
\Gin@req@width=\dimen113
) ("D:\matlab 学习资料\latex\texmfs\install\tex/latex/base\ifthen.sty"
Package: ifthen 2014/09/29 v1.1c Standard LaTeX ifthen package (DPC)
) ("D:\matlab 学习资料\latex\texmfs\install\tex/latex/lastpage\lastpage.sty
"
Package: lastpage 2015/03/29 v1.2m Refers to last page's name (HMM; JPG)
) ("D:\matlab 学习资料\latex\texmfs\install\tex/latex/paralist\paralist.sty
"
Package: paralist 2017/01/22 v2.7 Extended list environments
\pltopsep=\skip52
\plpartopsep=\skip53
\plitemsep=\skip54
\plparsep=\skip55
\pl@lab=\toks20
) ("D:\matlab 学习资料\latex\texmfs\install\tex/latex/amscls\amsthm.sty"
Package: amsthm 2017/10/31 v2.20.4
\thm@style=\toks21
\thm@bodyfont=\toks22
\thm@headfont=\toks23
\thm@notefont=\toks24
\thm@headpunct=\toks25
\thm@preskip=\skip56
\thm@postskip=\skip57
\thm@headsep=\skip58
\dth@everypar=\toks26
) ("D:\matlab 学习资料\latex\texmfs\install\tex/latex/amsfonts\amsfonts.sty
"
Package: amsfonts 2013/01/14 v3.01 Basic AMSFonts support
\@emptytoks=\toks27
\symAMSa=\mathgroup4
\symAMSb=\mathgroup5
LaTeX Font Info:    Overwriting math alphabet `\mathfrak' in version `bold'
(Font)                  U/euf/m/n --> U/euf/b/n on input line 106.
) ("D:\matlab 学习资料\latex\texmfs\install\tex/latex/amsmath\amsmath.sty"
Package: amsmath 2018/12/01 v2.17b AMS math features
\@mathmargin=\skip59

For additional information on amsmath, use the `?' option.
("D:\matlab 学习资料\latex\texmfs\install\tex/latex/amsmath\amstext.sty"
Package: amstext 2000/06/29 v2.01 AMS text

("D:\matlab 学习资料\latex\texmfs\install\tex/latex/amsmath\amsgen.sty"
File: amsgen.sty 1999/11/30 v2.0 generic functions
\@emptytoks=\toks28
\ex@=\dimen114
))
("D:\matlab 学习资料\latex\texmfs\install\tex/latex/amsmath\amsbsy.sty"
Package: amsbsy 1999/11/29 v1.2d Bold Symbols
\pmbraise@=\dimen115
)
("D:\matlab 学习资料\latex\texmfs\install\tex/latex/amsmath\amsopn.sty"
Package: amsopn 2016/03/08 v2.02 operator names
)
\inf@bad=\count91
LaTeX Info: Redefining \frac on input line 223.
\uproot@=\count92
\leftroot@=\count93
LaTeX Info: Redefining \overline on input line 385.
\classnum@=\count94
\DOTSCASE@=\count95
LaTeX Info: Redefining \ldots on input line 482.
LaTeX Info: Redefining \dots on input line 485.
LaTeX Info: Redefining \cdots on input line 606.
\Mathstrutbox@=\box29
\strutbox@=\box30
\big@size=\dimen116
LaTeX Font Info:    Redeclaring font encoding OML on input line 729.
LaTeX Font Info:    Redeclaring font encoding OMS on input line 730.
\macc@depth=\count96
\c@MaxMatrixCols=\count97
\dotsspace@=\muskip10
\c@parentequation=\count98
\dspbrk@lvl=\count99
\tag@help=\toks29
\row@=\count100
\column@=\count101
\maxfields@=\count102
\andhelp@=\toks30
\eqnshift@=\dimen117
\alignsep@=\dimen118
\tagshift@=\dimen119
\tagwidth@=\dimen120
\totwidth@=\dimen121
\lineht@=\dimen122
\@envbody=\toks31
\multlinegap=\skip60
\multlinetaggap=\skip61
\mathdisplay@stack=\toks32
LaTeX Info: Redefining \[ on input line 2844.
LaTeX Info: Redefining \] on input line 2845.
)
("D:\matlab 学习资料\latex\texmfs\install\tex/latex/tools\bm.sty"
Package: bm 2017/01/16 v1.2c Bold Symbol Support (DPC/FMi)
\symboldoperators=\mathgroup6
\symboldletters=\mathgroup7
\symboldsymbols=\mathgroup8
LaTeX Font Info:    Redeclaring math alphabet \mathbf on input line 141.
LaTeX Info: Redefining \bm on input line 207.
)
("D:\matlab 学习资料\latex\texmfs\install\tex/latex/amsfonts\amssymb.sty"
Package: amssymb 2013/01/14 v3.01 AMS font symbols
)
("D:\matlab 学习资料\latex\texmfs\install\tex/latex/jknappen\mathrsfs.sty"
Package: mathrsfs 1996/01/01 Math RSFS package v1.0 (jk)
\symrsfs=\mathgroup9
) ("D:\matlab 学习资料\latex\texmfs\install\tex/latex/base\latexsym.sty"
Package: latexsym 1998/08/17 v2.2e Standard LaTeX package (lasy symbols)
\symlasy=\mathgroup10
LaTeX Font Info:    Overwriting symbol font `lasy' in version `bold'
(Font)                  U/lasy/m/n --> U/lasy/b/n on input line 52.
)
("D:\matlab 学习资料\latex\texmfs\install\tex/latex/titlesec\titlesec.sty"
Package: titlesec 2016/03/21 v2.10.2 Sectioning titles
\ttl@box=\box31
\beforetitleunit=\skip62
\aftertitleunit=\skip63
\ttl@plus=\dimen123
\ttl@minus=\dimen124
\ttl@toksa=\toks33
\titlewidth=\dimen125
\titlewidthlast=\dimen126
\titlewidthfirst=\dimen127
) ("D:\matlab 学习资料\latex\texmfs\install\tex/latex/titlesec\titletoc.sty
"
Package: titletoc 2011/12/15 v1.6 TOC entries
\ttl@leftsep=\dimen128
) ("D:\matlab 学习资料\latex\texmfs\install\tex/latex/caption\caption.sty"
Package: caption 2018/10/06 v3.3-154 Customizing captions (AR)

("D:\matlab 学习资料\latex\texmfs\install\tex/latex/caption\caption3.sty"
Package: caption3 2018/09/12 v1.8c caption3 kernel (AR)
Package caption3 Info: TeX engine: e-TeX on input line 64.
\captionmargin=\dimen129
\captionmargin@=\dimen130
\captionwidth=\dimen131
\caption@tempdima=\dimen132
\caption@indent=\dimen133
\caption@parindent=\dimen134
\caption@hangindent=\dimen135
)
\c@caption@flags=\count103
\c@ContinuedFloat=\count104
) ("D:\matlab 学习资料\latex\texmfs\install\tex/latex/tools\longtable.sty"
Package: longtable 2014/10/28 v4.11 Multi-page Table package (DPC)
\LTleft=\skip64
\LTright=\skip65
\LTpre=\skip66
\LTpost=\skip67
\LTchunksize=\count105
\LTcapwidth=\dimen136
\LT@head=\box32
\LT@firsthead=\box33
\LT@foot=\box34
\LT@lastfoot=\box35
\LT@cols=\count106
\LT@rows=\count107
\c@LT@tables=\count108
\c@LT@chunks=\count109
\LT@p@ftn=\toks34
)
("D:\matlab 学习资料\latex\texmfs\install\tex/latex/multirow\multirow.sty"
Package: multirow 2019/01/01 v2.4 Span multiple rows of a table
\multirow@colwidth=\skip68
\multirow@cntb=\count110
\multirow@dima=\skip69
\bigstrutjot=\dimen137
) ("D:\matlab 学习资料\latex\texmfs\install\tex/latex/tools\hhline.sty"
Package: hhline 2014/10/28 v2.03 Table rule package (DPC)
)
("D:\matlab 学习资料\latex\texmfs\install\tex/latex/tools\tabularx.sty"
Package: tabularx 2016/02/03 v2.11b `tabularx' package (DPC)

("D:\matlab 学习资料\latex\texmfs\install\tex/latex/tools\array.sty"
Package: array 2018/11/13 v2.4j Tabular extension package (FMi)
\col@sep=\dimen138
\ar@mcellbox=\box36
\extrarowheight=\dimen139
\NC@list=\toks35
\extratabsurround=\skip70
\backup@length=\skip71
\ar@cellbox=\box37
)
\TX@col@width=\dimen140
\TX@old@table=\dimen141
\TX@old@col=\dimen142
\TX@target=\dimen143
\TX@delta=\dimen144
\TX@cols=\count111
\TX@ftn=\toks36
)
("D:\matlab 学习资料\latex\texmfs\install\tex/latex/base\flafter.sty"
Package: flafter 2018/11/28 v1.4d Standard LaTeX floats after reference (FMi)
Applying: [2015/01/01] float order in 2-column on input line 49.
Already applied: [0000/00/00] float order in 2-column on input line 151.
)
("D:\matlab 学习资料\latex\texmfs\install\tex/latex/psnfss\pifont.sty"
Package: pifont 2005/04/12 PSNFSS-v9.2a Pi font support (SPQR) 
LaTeX Font Info:    Try loading font information for U+pzd on input line 63.

("D:\matlab 学习资料\latex\texmfs\install\tex/latex/psnfss\upzd.fd"
File: upzd.fd 2001/06/04 font definitions for U/pzd.
)
LaTeX Font Info:    Try loading font information for U+psy on input line 64.

("D:\matlab 学习资料\latex\texmfs\install\tex/latex/psnfss\upsy.fd"
File: upsy.fd 2001/06/04 font definitions for U/psy.
))
("D:\matlab 学习资料\latex\texmfs\install\tex/latex/tools\calc.sty"
Package: calc 2017/05/25 v4.3 Infix arithmetic (KKT,FJ)
\calc@Acount=\count112
\calc@Bcount=\count113
\calc@Adimen=\dimen145
\calc@Bdimen=\dimen146
\calc@Askip=\skip72
\calc@Bskip=\skip73
LaTeX Info: Redefining \setlength on input line 80.
LaTeX Info: Redefining \addtolength on input line 81.
\calc@Ccount=\count114
\calc@Cskip=\skip74
)
("D:\matlab 学习资料\latex\texmfs\install\tex/latex/colortbl\colortbl.sty"
Package: colortbl 2018/12/12 v1.0d Color table columns (DPC)
\everycr=\toks37
\minrowclearance=\skip75
) ("D:\matlab 学习资料\latex\texmfs\install\tex/latex/booktabs\booktabs.sty
"
Package: booktabs 2005/04/14 v1.61803 publication quality tables
\heavyrulewidth=\dimen147
\lightrulewidth=\dimen148
\cmidrulewidth=\dimen149
\belowrulesep=\dimen150
\belowbottomsep=\dimen151
\aboverulesep=\dimen152
\abovetopsep=\dimen153
\cmidrulesep=\dimen154
\cmidrulekern=\dimen155
\defaultaddspace=\dimen156
\@cmidla=\count115
\@cmidlb=\count116
\@aboverulesep=\dimen157
\@belowrulesep=\dimen158
\@thisruleclass=\count117
\@lastruleclass=\count118
\@thisrulewidth=\dimen159
) ("D:\matlab 学习资料\latex\texmfs\install\tex/latex/base\fontenc.sty"
Package: fontenc 2018/08/11 v2.0j Standard LaTeX package

("D:\matlab 学习资料\latex\texmfs\install\tex/latex/base\t1enc.def"
File: t1enc.def 2018/08/11 v2.0j Standard LaTeX file
LaTeX Font Info:    Redeclaring font encoding T1 on input line 48.
))
("D:\matlab 学习资料\latex\texmfs\install\tex/latex/bera\berasans.sty"
Package: berasans 2004/01/30 (WaS)
)
("D:\matlab 学习资料\latex\texmfs\install\tex/latex/url\url.sty"
\Urlmuskip=\muskip11
Package: url 2013/09/16  ver 3.4  Verb mode for urls, etc.
)
("D:\matlab 学习资料\latex\texmfs\install\tex/latex/oberdiek\epstopdf.sty"
Package: epstopdf 2016/05/15 v2.6 Conversion with epstopdf on the fly (HO)

("D:\matlab 学习资料\latex\texmfs\install\tex/latex/oberdiek\epstopdf-base.
sty"
Package: epstopdf-base 2016/05/15 v2.6 Base part for package epstopdf

("D:\matlab 学习资料\latex\texmfs\install\tex/generic/oberdiek\infwarerr.st
y"
Package: infwarerr 2016/05/16 v1.4 Providing info/warning/error messages (HO)
) ("D:\matlab 学习资料\latex\texmfs\install\tex/latex/oberdiek\grfext.sty"
Package: grfext 2016/05/16 v1.2 Manage graphics extensions (HO)

("D:\matlab 学习资料\latex\texmfs\install\tex/generic/oberdiek\kvdefinekeys
.sty"
Package: kvdefinekeys 2016/05/16 v1.4 Define keys (HO)

("D:\matlab 学习资料\latex\texmfs\install\tex/generic/oberdiek\ltxcmds.sty"
Package: ltxcmds 2016/05/16 v1.23 LaTeX kernel commands for general use (HO)
)))
("D:\matlab 学习资料\latex\texmfs\install\tex/latex/oberdiek\kvoptions.sty"
Package: kvoptions 2016/05/16 v3.12 Key value format for package options (HO)

("D:\matlab 学习资料\latex\texmfs\install\tex/generic/oberdiek\kvsetkeys.st
y"
Package: kvsetkeys 2016/05/16 v1.17 Key value parser (HO)

("D:\matlab 学习资料\latex\texmfs\install\tex/generic/oberdiek\etexcmds.sty
"
Package: etexcmds 2016/05/16 v1.6 Avoid name clashes with e-TeX commands (HO)

("D:\matlab 学习资料\latex\texmfs\install\tex/generic/oberdiek\ifluatex.sty
"
Package: ifluatex 2016/05/16 v1.4 Provides the ifluatex switch (HO)
Package ifluatex Info: LuaTeX not detected.
))))
("D:\matlab 学习资料\latex\texmfs\install\tex/generic/oberdiek\pdftexcmds.s
ty"
Package: pdftexcmds 2018/09/10 v0.29 Utility functions of pdfTeX for LuaTeX (HO
)
Package pdftexcmds Info: LuaTeX not detected.
Package pdftexcmds Info: \pdf@primitive is available.
Package pdftexcmds Info: \pdf@ifprimitive is available.
Package pdftexcmds Info: \pdfdraftmode found.
)
Package epstopdf-base Info: Redefining graphics rule for `.eps' on input line 4
38.
Package grfext Info: Graphics extension search list:
(grfext)             [.pdf,.png,.jpg,.mps,.jpeg,.jbig2,.jb2,.PDF,.PNG,.JPG,.JPE
G,.JBIG2,.JB2,.eps]
(grfext)             \AppendGraphicsExtensions on input line 456.
))
("D:\matlab 学习资料\latex\texmfs\install\tex/latex/hyperref\hyperref.sty"
Package: hyperref 2018/11/30 v6.88e Hypertext links for LaTeX

("D:\matlab 学习资料\latex\texmfs\install\tex/generic/oberdiek\hobsub-hyper
ref.sty"
Package: hobsub-hyperref 2016/05/16 v1.14 Bundle oberdiek, subset hyperref (HO)


("D:\matlab 学习资料\latex\texmfs\install\tex/generic/oberdiek\hobsub-gener
ic.sty"
Package: hobsub-generic 2016/05/16 v1.14 Bundle oberdiek, subset generic (HO)
Package: hobsub 2016/05/16 v1.14 Construct package bundles (HO)
Package hobsub Info: Skipping package `infwarerr' (already loaded).
Package hobsub Info: Skipping package `ltxcmds' (already loaded).
Package hobsub Info: Skipping package `ifluatex' (already loaded).
Package hobsub Info: Skipping package `ifvtex' (already loaded).
Package: intcalc 2016/05/16 v1.2 Expandable calculations with integers (HO)
Package hobsub Info: Skipping package `ifpdf' (already loaded).
Package hobsub Info: Skipping package `etexcmds' (already loaded).
Package hobsub Info: Skipping package `kvsetkeys' (already loaded).
Package hobsub Info: Skipping package `kvdefinekeys' (already loaded).
Package hobsub Info: Skipping package `pdftexcmds' (already loaded).
Package: pdfescape 2016/05/16 v1.14 Implements pdfTeX's escape features (HO)
Package: bigintcalc 2016/05/16 v1.4 Expandable calculations on big integers (HO
)
Package: bitset 2016/05/16 v1.2 Handle bit-vector datatype (HO)
Package: uniquecounter 2016/05/16 v1.3 Provide unlimited unique counter (HO)
)
Package hobsub Info: Skipping package `hobsub' (already loaded).
Package: letltxmacro 2016/05/16 v1.5 Let assignment for LaTeX macros (HO)
Package: hopatch 2016/05/16 v1.3 Wrapper for package hooks (HO)
Package: xcolor-patch 2016/05/16 xcolor patch
Package: atveryend 2016/05/16 v1.9 Hooks at the very end of document (HO)
Package atveryend Info: \enddocument detected (standard20110627).
Package: atbegshi 2016/06/09 v1.18 At begin shipout hook (HO)
Package: refcount 2016/05/16 v3.5 Data extraction from label references (HO)
Package: hycolor 2016/05/16 v1.8 Color options for hyperref/bookmark (HO)
)
("D:\matlab 学习资料\latex\texmfs\install\tex/latex/oberdiek\auxhook.sty"
Package: auxhook 2016/05/16 v1.4 Hooks for auxiliary files (HO)
)
\@linkdim=\dimen160
\Hy@linkcounter=\count119
\Hy@pagecounter=\count120

("D:\matlab 学习资料\latex\texmfs\install\tex/latex/hyperref\pd1enc.def"
File: pd1enc.def 2018/11/30 v6.88e Hyperref: PDFDocEncoding definition (HO)
Now handling font encoding PD1 ...
... no UTF-8 mapping file for font encoding PD1
)
\Hy@SavedSpaceFactor=\count121

("D:\matlab 学习资料\latex\texmfs\install\tex/latex/00miktex\hyperref.cfg"
File: hyperref.cfg 2002/06/06 v1.2 hyperref configuration of TeXLive
)
Package hyperref Info: Option `bookmarks' set `true' on input line 4393.
Package hyperref Info: Option `colorlinks' set `true' on input line 4393.
Package hyperref Info: Hyper figures OFF on input line 4519.
Package hyperref Info: Link nesting OFF on input line 4524.
Package hyperref Info: Hyper index ON on input line 4527.
Package hyperref Info: Plain pages OFF on input line 4534.
Package hyperref Info: Backreferencing OFF on input line 4539.
Package hyperref Info: Implicit mode ON; LaTeX internals redefined.
Package hyperref Info: Bookmarks ON on input line 4772.
\c@Hy@tempcnt=\count122
LaTeX Info: Redefining \url on input line 5125.
\XeTeXLinkMargin=\dimen161
\Fld@menulength=\count123
\Field@Width=\dimen162
\Fld@charsize=\dimen163
Package hyperref Info: Hyper figures OFF on input line 6380.
Package hyperref Info: Link nesting OFF on input line 6385.
Package hyperref Info: Hyper index ON on input line 6388.
Package hyperref Info: backreferencing OFF on input line 6395.
Package hyperref Info: Link coloring ON on input line 6398.
Package hyperref Info: Link coloring with OCG OFF on input line 6405.
Package hyperref Info: PDF/A mode OFF on input line 6410.
LaTeX Info: Redefining \ref on input line 6450.
LaTeX Info: Redefining \pageref on input line 6454.
\Hy@abspage=\count124
\c@Item=\count125
\c@Hfootnote=\count126
)
Package hyperref Info: Driver (autodetected): hpdftex.
 ("D:\matlab 学习资料\latex\texmfs\install\tex/latex/hyperref\hpdftex.def"
File: hpdftex.def 2018/11/30 v6.88e Hyperref driver for pdfTeX
\Fld@listcount=\count127
\c@bookmark@seq@number=\count128

("D:\matlab 学习资料\latex\texmfs\install\tex/latex/oberdiek\rerunfilecheck
.sty"
Package: rerunfilecheck 2016/05/16 v1.8 Rerun checks for auxiliary files (HO)
Package uniquecounter Info: New unique counter `rerunfilecheck' on input line 2
82.
)
\Hy@SectionHShift=\skip76
)
\@abstract=\box38
\c@Theorem=\count129
)
("D:\matlab 学习资料\latex\texmfs\install\tex/latex/psnfss\palatino.sty"
Package: palatino 2005/04/12 PSNFSS-v9.2a (SPQR) 
)
No file PAPER.aux.
\openout1 = `PAPER.aux'.

LaTeX Font Info:    Checking defaults for OML/cmm/m/it on input line 14.
LaTeX Font Info:    ... okay on input line 14.
LaTeX Font Info:    Checking defaults for T1/cmr/m/n on input line 14.
LaTeX Font Info:    ... okay on input line 14.
LaTeX Font Info:    Checking defaults for OT1/cmr/m/n on input line 14.
LaTeX Font Info:    ... okay on input line 14.
LaTeX Font Info:    Checking defaults for OMS/cmsy/m/n on input line 14.
LaTeX Font Info:    ... okay on input line 14.
LaTeX Font Info:    Checking defaults for OMX/cmex/m/n on input line 14.
LaTeX Font Info:    ... okay on input line 14.
LaTeX Font Info:    Checking defaults for U/cmr/m/n on input line 14.
LaTeX Font Info:    ... okay on input line 14.
LaTeX Font Info:    Checking defaults for PD1/pdf/m/n on input line 14.
LaTeX Font Info:    ... okay on input line 14.
LaTeX Font Info:    Try loading font information for T1+ppl on input line 14.
("D:\matlab 学习资料\latex\texmfs\install\tex/latex/psnfss\t1ppl.fd"
File: t1ppl.fd 2001/06/04 font definitions for T1/ppl.
)
*geometry* driver: auto-detecting
*geometry* detected driver: pdftex
*geometry* verbose mode - [ preamble ] result:
* driver: pdftex
* paper: a4paper
* layout: <same size as paper>
* layoutoffset:(h,v)=(0.0pt,0.0pt)
* modes: 
* h-part:(L,W,R)=(71.13188pt, 455.24411pt, 71.13188pt)
* v-part:(T,H,B)=(71.13188pt, 731.23584pt, 42.67912pt)
* \paperwidth=597.50787pt
* \paperheight=845.04684pt
* \textwidth=455.24411pt
* \textheight=731.23584pt
* \oddsidemargin=-1.1381pt
* \evensidemargin=-1.1381pt
* \topmargin=-38.1381pt
* \headheight=15.0pt
* \headsep=25.0pt
* \topskip=12.0pt
* \footskip=30.0pt
* \marginparwidth=44.0pt
* \marginparsep=10.0pt
* \columnsep=10.0pt
* \skip\footins=10.8pt plus 4.0pt minus 2.0pt
* \hoffset=0.0pt
* \voffset=0.0pt
* \mag=1000
* \@twocolumnfalse
* \@twosidefalse
* \@mparswitchfalse
* \@reversemarginfalse
* (1in=72.27pt=25.4mm, 1cm=28.453pt)

("D:\matlab 学习资料\latex\texmfs\install\tex/context/base\supp-pdf.mkii"
[Loading MPS to PDF converter (version 2006.09.02).]
\scratchcounter=\count130
\scratchdimen=\dimen164
\scratchbox=\box39
\nofMPsegments=\count131
\nofMParguments=\count132
\everyMPshowfont=\toks38
\MPscratchCnt=\count133
\MPscratchDim=\dimen165
\MPnumerator=\count134
\makeMPintoPDFobject=\count135
\everyMPtoPDFconversion=\toks39
)
Package lastpage Info: Please have a look at the pageslts package at
(lastpage)             https://www.ctan.org/pkg/pageslts
(lastpage)             ! on input line 14.
Package caption Info: Begin \AtBeginDocument code.
Package caption Info: hyperref package is loaded.
Package caption Info: longtable package is loaded.
 ("D:\matlab 学习资料\latex\texmfs\install\tex/latex/caption\ltcaption.sty"
Package: ltcaption 2018/08/26 v1.4-95 longtable captions (AR)
)
Package caption Info: End \AtBeginDocument code.
\AtBeginShipoutBox=\box40
Package hyperref Info: Link coloring ON on input line 14.
 ("D:\matlab 学习资料\latex\texmfs\install\tex/latex/hyperref\nameref.sty"
Package: nameref 2016/05/21 v2.44 Cross-referencing by name of section

("D:\matlab 学习资料\latex\texmfs\install\tex/generic/oberdiek\gettitlestri
ng.sty"
Package: gettitlestring 2016/05/16 v1.5 Cleanup title references (HO)
)
\c@section@level=\count136
)
LaTeX Info: Redefining \ref on input line 14.
LaTeX Info: Redefining \pageref on input line 14.
LaTeX Info: Redefining \nameref on input line 14.
\@outlinefile=\write4
\openout4 = `PAPER.out'.

 (ABSTRACT.tex
Underfull \hbox (badness 10000) in paragraph at lines 5--6

 []


Underfull \hbox (badness 10000) in paragraph at lines 7--8

 []


Underfull \hbox (badness 10000) in paragraph at lines 9--10

 []


Underfull \hbox (badness 10000) in paragraph at lines 11--12

 []


Underfull \hbox (badness 10000) in paragraph at lines 11--12

 []


Underfull \hbox (badness 10000) in paragraph at lines 11--12

 []


Underfull \hbox (badness 10000) in paragraph at lines 11--12

 []

LaTeX Font Info:    Font shape `T1/ppl/bx/n' in size <10.95> not available
(Font)              Font shape `T1/ppl/b/n' tried instead on input line 13.
LaTeX Font Info:    Try loading font information for T1+fvs on input line 26.
("D:\matlab 学习资料\latex\texmfs\install\tex/latex/bera\t1fvs.fd"
File: t1fvs.fd 2004/09/07 scalable font definitions for T1/fvs.
)
LaTeX Font Info:    Font shape `T1/fvs/m/n' will be
(Font)              scaled to size 10.79993pt on input line 26.

("D:\matlab 学习资料\latex\texmfs\install\tex/latex/amsfonts\umsa.fd")
("D:\matlab 学习资料\latex\texmfs\install\tex/latex/amsfonts\umsb.fd")
("D:\matlab 学习资料\latex\texmfs\install\tex/latex/jknappen\ursfs.fd")
("D:\matlab 学习资料\latex\texmfs\install\tex/latex/base\ulasy.fd")
LaTeX Font Info:    Font shape `T1/fvs/m/n' will be
(Font)              scaled to size 34.19977pt on input line 26.
LaTeX Font Info:    Font shape `T1/fvs/bx/n' in size <38> not available
(Font)              Font shape `T1/fvs/b/n' tried instead on input line 26.
LaTeX Font Info:    Font shape `T1/fvs/b/n' will be
(Font)              scaled to size 34.19977pt on input line 26.

Overfull \hbox (16.3899pt too wide) in paragraph at lines 26--26
 []\T1/fvs/b/n/38 1915023 
 []

LaTeX Font Info:    Font shape `T1/fvs/m/n' will be
(Font)              scaled to size 16.19989pt on input line 26.
LaTeX Font Info:    Font shape `T1/fvs/bx/n' in size <18> not available
(Font)              Font shape `T1/fvs/b/n' tried instead on input line 26.
LaTeX Font Info:    Font shape `T1/fvs/b/n' will be
(Font)              scaled to size 16.19989pt on input line 26.
LaTeX Font Info:    Font shape `T1/fvs/bx/n' in size <12> not available
(Font)              Font shape `T1/fvs/b/n' tried instead on input line 26.
LaTeX Font Info:    Font shape `T1/fvs/b/n' will be
(Font)              scaled to size 10.79993pt on input line 26.
LaTeX Font Info:    Font shape `T1/fvs/m/n' will be
(Font)              scaled to size 15.55188pt on input line 26.
LaTeX Font Info:    Font shape `T1/ppl/bx/n' in size <17.28> not available
(Font)              Font shape `T1/ppl/b/n' tried instead on input line 26.
LaTeX Font Info:    Font shape `T1/ppl/bx/n' in size <14.4> not available
(Font)              Font shape `T1/ppl/b/n' tried instead on input line 26.
[-100

{D:/matlab 学习资料/latex/texmfs/data/pdftex/config/pdftex.map}]
\tf@toc=\write5
\openout5 = `PAPER.toc'.


[-99])
Overfull \hbox (9.28307pt too wide) in paragraph at lines 19--20
\T1/ppl/m/n/12 garyen raised three dar-gon-s.And the Drag-on-s have their spe-c
ial char-ac-ter-is-tic-s.Therefore
 []

LaTeX Font Info:    Try loading font information for OMS+ppl on input line 26.
("D:\matlab 学习资料\latex\texmfs\install\tex/latex/psnfss\omsppl.fd"
File: omsppl.fd 
)
LaTeX Font Info:    Font shape `OMS/ppl/m/n' in size <12> not available
(Font)              Font shape `OMS/cmsy/m/n' tried instead on input line 26.


LaTeX Warning: Reference `LastPage' on page 1 undefined on input line 43.

[1]
Overfull \hbox (17.6582pt too wide) in paragraph at lines 44--45
[]\T1/ppl/m/n/12 We found three typ-i-cal film-ing lo-ca-tion-s of Game of Thro
nes, they are ice-land,Tundra
 []


Overfull \hbox (42.6296pt too wide) in paragraph at lines 44--45
\T1/ppl/m/n/12 cli-mate:an arc-tic re-gion,morocoo,Tropical desert cli-mate:an 
arid re-gion,ireland,Temperate
 []

LaTeX Font Info:    Font shape `T1/ppl/bx/n' in size <12> not available
(Font)              Font shape `T1/ppl/b/n' tried instead on input line 49.

LaTeX Warning: Reference `tb:symbol' on page 2 undefined on input line 49.


LaTeX Warning: Reference `LastPage' on page 2 undefined on input line 87.

[2]
Package epstopdf Info: Source file: <./picture/Two-ways-to-calculate-the-relati
onship-between-Wingspan-and-Weight-of-Dragon1.eps>
(epstopdf)                    date: 2019-01-26 20:35:29
(epstopdf)                    size: 73648 bytes
(epstopdf)             Output file: <./picture/Two-ways-to-calculate-the-relati
onship-between-Wingspan-and-Weight-of-Dragon1-eps-converted-to.pdf>
(epstopdf)                    date: 2019-01-26 20:37:31
(epstopdf)                    size: 24705 bytes
(epstopdf)             Command: <epstopdf --outfile=./picture/Two-ways-to-calcu
late-the-relationship-between-Wingspan-and-Weight-of-Dragon1-eps-converted-to.p
df ./picture/Two-ways-to-calculate-the-relationship-between-Wingspan-and-Weight
-of-Dragon1.eps>
(epstopdf)             \includegraphics on input line 89.
Package epstopdf Info: Output file is already uptodate.


pdfTeX warning: miktex-pdftex.exe (file ./picture/Two-ways-to-calculate-the-rel
ationship-between-Wingspan-and-Weight-of-Dragon1-eps-converted-to.pdf): PDF inc
lusion: found PDF version <1.7>, but at most version <1.5> allowed
<./picture/Two-ways-to-calculate-the-relationship-between-Wingspan-and-Weight-o
f-Dragon1-eps-converted-to.pdf, id=41, 1156.32pt x 564.1075pt>
File: ./picture/Two-ways-to-calculate-the-relationship-between-Wingspan-and-Wei
ght-of-Dragon1-eps-converted-to.pdf Graphic file (type pdf)
<use ./picture/Two-ways-to-calculate-the-relationship-between-Wingspan-and-Weig
ht-of-Dragon1-eps-converted-to.pdf>
Package pdftex.def Info: ./picture/Two-ways-to-calculate-the-relationship-betwe
en-Wingspan-and-Weight-of-Dragon1-eps-converted-to.pdf  used on input line 89.
(pdftex.def)             Requested size: 398.33858pt x 194.32463pt.
Package epstopdf Info: Source file: <./picture/Two-ways-to-calculate-the-relati
onship-between-Wingspan-and-Weight-of-Dragon2.eps>
(epstopdf)                    date: 2019-01-26 20:35:30
(epstopdf)                    size: 114073 bytes
(epstopdf)             Output file: <./picture/Two-ways-to-calculate-the-relati
onship-between-Wingspan-and-Weight-of-Dragon2-eps-converted-to.pdf>
(epstopdf)                    date: 2019-01-26 20:37:32
(epstopdf)                    size: 37608 bytes
(epstopdf)             Command: <epstopdf --outfile=./picture/Two-ways-to-calcu
late-the-relationship-between-Wingspan-and-Weight-of-Dragon2-eps-converted-to.p
df ./picture/Two-ways-to-calculate-the-relationship-between-Wingspan-and-Weight
-of-Dragon2.eps>
(epstopdf)             \includegraphics on input line 96.
Package epstopdf Info: Output file is already uptodate.


pdfTeX warning: miktex-pdftex.exe (file ./picture/Two-ways-to-calculate-the-rel
ationship-between-Wingspan-and-Weight-of-Dragon2-eps-converted-to.pdf): PDF inc
lusion: found PDF version <1.7>, but at most version <1.5> allowed
<./picture/Two-ways-to-calculate-the-relationship-between-Wingspan-and-Weight-o
f-Dragon2-eps-converted-to.pdf, id=42, 1156.32pt x 564.1075pt>
File: ./picture/Two-ways-to-calculate-the-relationship-between-Wingspan-and-Wei
ght-of-Dragon2-eps-converted-to.pdf Graphic file (type pdf)
<use ./picture/Two-ways-to-calculate-the-relationship-between-Wingspan-and-Weig
ht-of-Dragon2-eps-converted-to.pdf>
Package pdftex.def Info: ./picture/Two-ways-to-calculate-the-relationship-betwe
en-Wingspan-and-Weight-of-Dragon2-eps-converted-to.pdf  used on input line 96.
(pdftex.def)             Requested size: 398.33858pt x 194.32463pt.

Underfull \hbox (badness 10000) in paragraph at lines 106--107

 []


LaTeX Warning: Reference `LastPage' on page 3 undefined on input line 109.

[3 <./picture/Two-ways-to-calculate-the-relationship-between-Wingspan-and-Weigh
t-of-Dragon1-eps-converted-to.pdf> <./picture/Two-ways-to-calculate-the-relatio
nship-between-Wingspan-and-Weight-of-Dragon2-eps-converted-to.pdf>]

LaTeX Warning: Reference `LastPage' on page 4 undefined on input line 149.

[4]
Package epstopdf Info: Source file: <./picture/The-relationship-between-speed-a
nd-power-of-flying0.eps>
(epstopdf)                    date: 2019-01-27 15:04:22
(epstopdf)                    size: 128297 bytes
(epstopdf)             Output file: <./picture/The-relationship-between-speed-a
nd-power-of-flying0-eps-converted-to.pdf>
(epstopdf)                    date: 2019-01-27 21:35:08
(epstopdf)                    size: 40370 bytes
(epstopdf)             Command: <epstopdf --outfile=./picture/The-relationship-
between-speed-and-power-of-flying0-eps-converted-to.pdf ./picture/The-relations
hip-between-speed-and-power-of-flying0.eps>
(epstopdf)             \includegraphics on input line 164.
Package epstopdf Info: Output file is already uptodate.


pdfTeX warning: miktex-pdftex.exe (file ./picture/The-relationship-between-spee
d-and-power-of-flying0-eps-converted-to.pdf): PDF inclusion: found PDF version 
<1.7>, but at most version <1.5> allowed
<./picture/The-relationship-between-speed-and-power-of-flying0-eps-converted-to
.pdf, id=66, 1156.32pt x 347.2975pt>
File: ./picture/The-relationship-between-speed-and-power-of-flying0-eps-convert
ed-to.pdf Graphic file (type pdf)
<use ./picture/The-relationship-between-speed-and-power-of-flying0-eps-converte
d-to.pdf>
Package pdftex.def Info: ./picture/The-relationship-between-speed-and-power-of-
flying0-eps-converted-to.pdf  used on input line 164.
(pdftex.def)             Requested size: 569.05511pt x 170.91386pt.
<./picture/random_walk.png, id=67, 616.704pt x 308.352pt>
File: ./picture/random_walk.png Graphic file (type png)
<use ./picture/random_walk.png>
Package pdftex.def Info: ./picture/random_walk.png  used on input line 180.
(pdftex.def)             Requested size: 398.33858pt x 199.17017pt.

LaTeX Warning: Reference `LastPage' on page 5 undefined on input line 184.

[5 <./picture/The-relationship-between-speed-and-power-of-flying0-eps-converted
-to.pdf>]
Underfull \hbox (badness 10000) in paragraph at lines 189--190

 []



pdfTeX warning: miktex-pdftex.exe (file ./picture/pie-iceland.pdf): PDF inclusi
on: found PDF version <1.7>, but at most version <1.5> allowed
<./picture/pie-iceland.pdf, id=81, 517.25246pt x 212.71469pt>
File: ./picture/pie-iceland.pdf Graphic file (type pdf)
<use ./picture/pie-iceland.pdf>
Package pdftex.def Info: ./picture/pie-iceland.pdf  used on input line 191.
(pdftex.def)             Requested size: 398.33858pt x 163.81027pt.


pdfTeX warning: miktex-pdftex.exe (file ./picture/pie-ireland.pdf): PDF inclusi
on: found PDF version <1.7>, but at most version <1.5> allowed
<./picture/pie-ireland.pdf, id=82, 557.40245pt x 217.73344pt>
File: ./picture/pie-ireland.pdf Graphic file (type pdf)
<use ./picture/pie-ireland.pdf>
Package pdftex.def Info: ./picture/pie-ireland.pdf  used on input line 198.
(pdftex.def)             Requested size: 398.33858pt x 155.60513pt.

LaTeX Warning: Reference `LastPage' on page 6 undefined on input line 202.

[6 <./picture/random_walk.png> <./picture/pie-iceland.pdf>]

pdfTeX warning: miktex-pdftex.exe (file ./picture/pie-morocco.pdf): PDF inclusi
on: found PDF version <1.7>, but at most version <1.5> allowed
<./picture/pie-morocco.pdf, id=104, 517.25246pt x 212.71469pt>
File: ./picture/pie-morocco.pdf Graphic file (type pdf)
<use ./picture/pie-morocco.pdf>
Package pdftex.def Info: ./picture/pie-morocco.pdf  used on input line 204.
(pdftex.def)             Requested size: 398.33858pt x 163.81027pt.

LaTeX Warning: Reference `LastPage' on page 7 undefined on input line 234.

[7 <./picture/pie-ireland.pdf> <./picture/pie-morocco.pdf

pdfTeX warning: miktex-pdftex.exe (file ./picture/pie-morocco.pdf): PDF inclusi
on: multiple pdfs with page group included in a single page
>]
Package epstopdf Info: Source file: <./picture/The-relationship-between-BMR-and
-Weight.eps>
(epstopdf)                    date: 2019-01-28 07:36:44
(epstopdf)                    size: 237041 bytes
(epstopdf)             Output file: <./picture/The-relationship-between-BMR-and
-Weight-eps-converted-to.pdf>
(epstopdf)                    date: 2019-01-28 07:38:24
(epstopdf)                    size: 78057 bytes
(epstopdf)             Command: <epstopdf --outfile=./picture/The-relationship-
between-BMR-and-Weight-eps-converted-to.pdf ./picture/The-relationship-between-
BMR-and-Weight.eps>
(epstopdf)             \includegraphics on input line 271.
Package epstopdf Info: Output file is already uptodate.


pdfTeX warning: miktex-pdftex.exe (file ./picture/The-relationship-between-BMR-
and-Weight-eps-converted-to.pdf): PDF inclusion: found PDF version <1.7>, but a
t most version <1.5> allowed
<./picture/The-relationship-between-BMR-and-Weight-eps-converted-to.pdf, id=141
, 1156.32pt x 564.1075pt>
File: ./picture/The-relationship-between-BMR-and-Weight-eps-converted-to.pdf Gr
aphic file (type pdf)
<use ./picture/The-relationship-between-BMR-and-Weight-eps-converted-to.pdf>
Package pdftex.def Info: ./picture/The-relationship-between-BMR-and-Weight-eps-
converted-to.pdf  used on input line 271.
(pdftex.def)             Requested size: 569.05511pt x 277.61154pt.

LaTeX Warning: Reference `LastPage' on page 8 undefined on input line 275.

[8]
Package epstopdf Info: Source file: <./picture/Two-relationship-between-Environ
ment-temperature-and-Cooling-power-of-Dragon.eps>
(epstopdf)                    date: 2019-01-27 21:42:02
(epstopdf)                    size: 41476 bytes
(epstopdf)             Output file: <./picture/Two-relationship-between-Environ
ment-temperature-and-Cooling-power-of-Dragon-eps-converted-to.pdf>
(epstopdf)                    date: 2019-01-27 21:42:25
(epstopdf)                    size: 12373 bytes
(epstopdf)             Command: <epstopdf --outfile=./picture/Two-relationship-
between-Environment-temperature-and-Cooling-power-of-Dragon-eps-converted-to.pd
f ./picture/Two-relationship-between-Environment-temperature-and-Cooling-power-
of-Dragon.eps>
(epstopdf)             \includegraphics on input line 278.
Package epstopdf Info: Output file is already uptodate.


pdfTeX warning: miktex-pdftex.exe (file ./picture/Two-relationship-between-Envi
ronment-temperature-and-Cooling-power-of-Dragon-eps-converted-to.pdf): PDF incl
usion: found PDF version <1.7>, but at most version <1.5> allowed
<./picture/Two-relationship-between-Environment-temperature-and-Cooling-power-o
f-Dragon-eps-converted-to.pdf, id=155, 1156.32pt x 515.9275pt>
File: ./picture/Two-relationship-between-Environment-temperature-and-Cooling-po
wer-of-Dragon-eps-converted-to.pdf Graphic file (type pdf)
<use ./picture/Two-relationship-between-Environment-temperature-and-Cooling-pow
er-of-Dragon-eps-converted-to.pdf>
Package pdftex.def Info: ./picture/Two-relationship-between-Environment-tempera
ture-and-Cooling-power-of-Dragon-eps-converted-to.pdf  used on input line 278.
(pdftex.def)             Requested size: 569.05511pt x 253.90096pt.

LaTeX Warning: Reference `LastPage' on page 9 undefined on input line 289.

[9 <./picture/The-relationship-between-BMR-and-Weight-eps-converted-to.pdf> <./
picture/Two-relationship-between-Environment-temperature-and-Cooling-power-of-D
ragon-eps-converted-to.pdf>]
Package epstopdf Info: Source file: <./picture/grow2.eps>
(epstopdf)                    date: 2019-01-29 00:28:58
(epstopdf)                    size: 31906 bytes
(epstopdf)             Output file: <./picture/grow2-eps-converted-to.pdf>
(epstopdf)                    date: 2019-01-29 00:30:31
(epstopdf)                    size: 9366 bytes
(epstopdf)             Command: <epstopdf --outfile=./picture/grow2-eps-convert
ed-to.pdf ./picture/grow2.eps>
(epstopdf)             \includegraphics on input line 306.
Package epstopdf Info: Output file is already uptodate.


pdfTeX warning: miktex-pdftex.exe (file ./picture/grow2-eps-converted-to.pdf): 
PDF inclusion: found PDF version <1.7>, but at most version <1.5> allowed
<./picture/grow2-eps-converted-to.pdf, id=168, 1156.32pt x 530.98375pt>
File: ./picture/grow2-eps-converted-to.pdf Graphic file (type pdf)
<use ./picture/grow2-eps-converted-to.pdf>
Package pdftex.def Info: ./picture/grow2-eps-converted-to.pdf  used on input li
ne 306.
(pdftex.def)             Requested size: 569.05511pt x 261.3105pt.

LaTeX Warning: Reference `LastPage' on page 10 undefined on input line 315.

[10 <./picture/grow2-eps-converted-to.pdf>]
<./picture/food-chain.pdf, id=180, 522.95375pt x 157.58875pt>
File: ./picture/food-chain.pdf Graphic file (type pdf)
<use ./picture/food-chain.pdf>
Package pdftex.def Info: ./picture/food-chain.pdf  used on input line 327.
(pdftex.def)             Requested size: 398.33858pt x 120.038pt.


LaTeX Warning: Reference `LastPage' on page 11 undefined on input line 346.

[11 <./picture/food-chain.pdf>]
Package epstopdf Info: Source file: <./picture/111.eps>
(epstopdf)                    date: 2019-01-29 03:53:10
(epstopdf)                    size: 792344 bytes
(epstopdf)             Output file: <./picture/111-eps-converted-to.pdf>
(epstopdf)                    date: 2019-01-29 03:55:53
(epstopdf)                    size: 189720 bytes
(epstopdf)             Command: <epstopdf --outfile=./picture/111-eps-converted
-to.pdf ./picture/111.eps>
(epstopdf)             \includegraphics on input line 370.
Package epstopdf Info: Output file is already uptodate.


pdfTeX warning: miktex-pdftex.exe (file ./picture/111-eps-converted-to.pdf): PD
F inclusion: found PDF version <1.7>, but at most version <1.5> allowed
<./picture/111-eps-converted-to.pdf, id=201, 1156.32pt x 530.98375pt>
File: ./picture/111-eps-converted-to.pdf Graphic file (type pdf)
<use ./picture/111-eps-converted-to.pdf>
Package pdftex.def Info: ./picture/111-eps-converted-to.pdf  used on input line
 370.
(pdftex.def)             Requested size: 569.05511pt x 261.3105pt.

Underfull \hbox (badness 10000) in paragraph at lines 375--376

 []

Package epstopdf Info: Source file: <./picture/222.eps>
(epstopdf)                    date: 2019-01-29 04:33:09
(epstopdf)                    size: 318668 bytes
(epstopdf)             Output file: <./picture/222-eps-converted-to.pdf>
(epstopdf)                    date: 2019-01-29 04:33:34
(epstopdf)                    size: 97861 bytes
(epstopdf)             Command: <epstopdf --outfile=./picture/222-eps-converted
-to.pdf ./picture/222.eps>
(epstopdf)             \includegraphics on input line 377.
Package epstopdf Info: Output file is already uptodate.


pdfTeX warning: miktex-pdftex.exe (file ./picture/222-eps-converted-to.pdf): PD
F inclusion: found PDF version <1.7>, but at most version <1.5> allowed
<./picture/222-eps-converted-to.pdf, id=202, 1156.32pt x 530.98375pt>
File: ./picture/222-eps-converted-to.pdf Graphic file (type pdf)
<use ./picture/222-eps-converted-to.pdf>
Package pdftex.def Info: ./picture/222-eps-converted-to.pdf  used on input line
 377.
(pdftex.def)             Requested size: 569.05511pt x 261.3105pt.

LaTeX Warning: Reference `LastPage' on page 12 undefined on input line 381.

[12 <./picture/111-eps-converted-to.pdf>]
Package epstopdf Info: Source file: <./picture/mix-feed.eps>
(epstopdf)                    date: 2019-01-29 00:43:16
(epstopdf)                    size: 1701317 bytes
(epstopdf)             Output file: <./picture/mix-feed-eps-converted-to.pdf>
(epstopdf)                    date: 2019-01-29 00:44:31
(epstopdf)                    size: 538089 bytes
(epstopdf)             Command: <epstopdf --outfile=./picture/mix-feed-eps-conv
erted-to.pdf ./picture/mix-feed.eps>
(epstopdf)             \includegraphics on input line 388.
Package epstopdf Info: Output file is already uptodate.


pdfTeX warning: miktex-pdftex.exe (file ./picture/mix-feed-eps-converted-to.pdf
): PDF inclusion: found PDF version <1.7>, but at most version <1.5> allowed
<./picture/mix-feed-eps-converted-to.pdf, id=214, 1156.32pt x 530.98375pt>
File: ./picture/mix-feed-eps-converted-to.pdf Graphic file (type pdf)
<use ./picture/mix-feed-eps-converted-to.pdf>
Package pdftex.def Info: ./picture/mix-feed-eps-converted-to.pdf  used on input
 line 388.
(pdftex.def)             Requested size: 569.05511pt x 261.3105pt.

LaTeX Warning: Reference `LastPage' on page 13 undefined on input line 392.

[13 <./picture/222-eps-converted-to.pdf>]

LaTeX Warning: Reference `LastPage' on page 14 undefined on input line 404.

[14 <./picture/mix-feed-eps-converted-to.pdf>]
LaTeX Font Info:    Try loading font information for T1+pcr on input line 429.

("D:\matlab 学习资料\latex\texmfs\install\tex/latex/psnfss\t1pcr.fd"
File: t1pcr.fd 2001/06/04 font definitions for T1/pcr.
)

LaTeX Warning: Reference `LastPage' on page 15 undefined on input line 433.

[15]
Overfull \hbox (10.83994pt too wide) in paragraph at lines 449--450
[]\T1/ppl/m/n/12 Dear Mar-tin,First of al-l, it's ours hon-or to build mod-el a
bout Dro-gon,Rhaegal,Viserion
 []


LaTeX Warning: Reference `LastPage' on page 16 undefined on input line 458.

[16]

Package lastpage Warning: Rerun to get the references right on input line 467.


AED: lastpage setting LastPage

LaTeX Warning: Reference `LastPage' on page 17 undefined on input line 467.

[17]
Package atveryend Info: Empty hook `BeforeClearDocument' on input line 467.
Package atveryend Info: Empty hook `AfterLastShipout' on input line 467.
 (PAPER.aux)
Package atveryend Info: Executing hook `AtVeryEndDocument' on input line 467.
Package atveryend Info: Executing hook `AtEndAfterFileList' on input line 467.


Package rerunfilecheck Warning: File `PAPER.out' has changed.
(rerunfilecheck)                Rerun to get outlines right
(rerunfilecheck)                or use package `bookmark'.

Package rerunfilecheck Info: Checksums for `PAPER.out':
(rerunfilecheck)             Before: <no file>
(rerunfilecheck)             After:  020C159AC7641BF7012BEBBBCBC38C94;1758.

LaTeX Warning: There were undefined references.


LaTeX Warning: Label(s) may have changed. Rerun to get cross-references right.

Package atveryend Info: Empty hook `AtVeryVeryEnd' on input line 467.
 ) 
Here is how much of TeX's memory you used:
 9951 strings out of 494846
 149455 string characters out of 3178813
 250241 words of memory out of 3000000
 13258 multiletter control sequences out of 15000+200000
 56067 words of font info for 88 fonts, out of 3000000 for 9000
 14 hyphenation exceptions out of 8191
 49i,13n,45p,889b,450s stack positions out of 5000i,500n,10000p,200000b,50000s
{D:/matlab 学习资料/latex/texmfs/install/fonts/enc/dvips/base/8r.enc}<D:/
matlab 学习资料/latex/texmfs/install/fonts/type1/public/amsfonts/cm/cmex10.
pfb><D:/matlab 学习资料/latex/texmfs/install/fonts/type1/public/amsfonts/cm
extra/cmex8.pfb><D:/matlab 学习资料/latex/texmfs/install/fonts/type1/public
/amsfonts/cm/cmmi10.pfb><D:/matlab 学习资料/latex/texmfs/install/fonts/type
1/public/amsfonts/cm/cmmi12.pfb><D:/matlab 学习资料/latex/texmfs/install/fo
nts/type1/public/amsfonts/cm/cmmi6.pfb><D:/matlab 学习资料/latex/texmfs/ins
tall/fonts/type1/public/amsfonts/cm/cmmi8.pfb><D:/matlab 学习资料/latex/tex
mfs/install/fonts/type1/public/amsfonts/cm/cmr12.pfb><D:/matlab 学习资料/la
tex/texmfs/install/fonts/type1/public/amsfonts/cm/cmr6.pfb><D:/matlab 学习资
料/latex/texmfs/install/fonts/type1/public/amsfonts/cm/cmr8.pfb><D:/matlab 学
习资料/latex/texmfs/install/fonts/type1/public/amsfonts/cm/cmsy10.pfb><D:/ma
tlab 学习资料/latex/texmfs/install/fonts/type1/public/amsfonts/cm/cmsy6.pfb
><D:/matlab 学习资料/latex/texmfs/install/fonts/type1/public/amsfonts/cm/cm
sy8.pfb><D:/matlab 学习资料/latex/texmfs/install/fonts/type1/bera/fvsb8a.pf
b><D:/matlab 学习资料/latex/texmfs/install/fonts/type1/bera/fvsr8a.pfb><D:/
matlab 学习资料/latex/texmfs/install/fonts/type1/urw/courier/ucrr8a.pfb><D:
/matlab 学习资料/latex/texmfs/install/fonts/type1/urw/palatino/uplb8a.pfb><
D:/matlab 学习资料/latex/texmfs/install/fonts/type1/urw/palatino/uplr8a.pfb
>
Output written on PAPER.pdf (19 pages, 1831535 bytes).
PDF statistics:
 333 PDF objects out of 1000 (max. 8388607)
 88 named destinations out of 1000 (max. 500000)
 71 words of extra memory for PDF output out of 10000 (max. 10000000)

