\BOOKMARK [1][-]{section.1}{Introduction}{}% 1
\BOOKMARK [2][-]{subsection.1.1}{Background}{section.1}% 2
\BOOKMARK [2][-]{subsection.1.2}{Problem Restatement}{section.1}% 3
\BOOKMARK [1][-]{section.2}{Assumptions and Symbol}{}% 4
\BOOKMARK [2][-]{subsection.2.1}{Assumptions}{section.2}% 5
\BOOKMARK [2][-]{subsection.2.2}{Symbol}{section.2}% 6
\BOOKMARK [1][-]{section.3}{The Mathematical Model of Signal reflect on the sea}{}% 7
\BOOKMARK [2][-]{subsection.3.1}{Characteristics of Dragon}{section.3}% 8
\BOOKMARK [3][-]{subsubsection.3.1.1}{Weight of Dragon}{subsection.3.1}% 9
\BOOKMARK [3][-]{subsubsection.3.1.2}{Spray flame process}{subsection.3.1}% 10
\BOOKMARK [3][-]{subsubsection.3.1.3}{Flying process}{subsection.3.1}% 11
\BOOKMARK [3][-]{subsubsection.3.1.4}{Activity range model}{subsection.3.1}% 12
\BOOKMARK [3][-]{subsubsection.3.1.5}{Diet structure of Dragon}{subsection.3.1}% 13
\BOOKMARK [3][-]{subsubsection.3.1.6}{Relationship between metabolism and ambient temperature}{subsection.3.1}% 14
\BOOKMARK [3][-]{subsubsection.3.1.7}{Dragon growth model}{subsection.3.1}% 15
\BOOKMARK [2][-]{subsection.3.2}{Energy flow between Dragon and ecology Model}{section.3}% 16
\BOOKMARK [3][-]{subsubsection.3.2.1}{Relationship between weight of Dragon and climate}{subsection.3.2}% 17
\BOOKMARK [3][-]{subsubsection.3.2.2}{Growing Dragon with mixed feeding}{subsection.3.2}% 18
\BOOKMARK [3][-]{subsubsection.3.2.3}{Growing Dragon in fixed area}{subsection.3.2}% 19
\BOOKMARK [1][-]{section.4}{Conclusion}{}% 20
\BOOKMARK [2][-]{subsection.4.1}{Strengths}{section.4}% 21
\BOOKMARK [2][-]{subsection.4.2}{Weaknesses}{section.4}% 22
\BOOKMARK [1][-]{subsection.4.2}{References}{}% 23
\BOOKMARK [1][-]{section.5}{Letter}{}% 24
